2025-10-25 23:55:33,912 - ProyectoAlpha - INFO - Verificación de integridad completada: 100.0%
2025-10-25 23:55:33,912 - ProyectoAlpha - INFO - Sistema profesional inicializado correctamente
2025-10-25 23:55:33,916 - ProyectoAlpha - INFO - Sesión profesional iniciada
2025-10-25 23:56:03,919 - ProyectoAlpha - INFO - Auto-guardado realizado
2025-10-25 23:56:33,921 - ProyectoAlpha - INFO - Auto-guardado realizado
2025-10-25 23:57:03,924 - ProyectoAlpha - INFO - Auto-guardado realizado
2025-10-25 23:57:33,926 - ProyectoAlpha - INFO - Auto-guardado realizado
2025-10-25 23:58:03,929 - ProyectoAlpha - INFO - Auto-guardado realizado
2025-10-25 23:58:33,930 - ProyectoAlpha - INFO - Auto-guardado realizado
2025-10-27 10:36:57,574 - ProyectoAlpha - INFO - Verificación de integridad completada: 100.0%
2025-10-27 10:36:57,574 - ProyectoAlpha - INFO - Sistema profesional inicializado correctamente
2025-10-27 10:36:57,578 - ProyectoAlpha - INFO - Sesión profesional iniciada
2025-10-27 10:37:27,580 - ProyectoAlpha - INFO - Auto-guardado realizado
2025-10-27 10:37:57,583 - ProyectoAlpha - INFO - Auto-guardado realizado
2025-10-27 10:38:27,586 - ProyectoAlpha - INFO - Auto-guardado realizado
2025-10-27 10:38:57,591 - ProyectoAlpha - INFO - Auto-guardado realizado
2025-10-27 10:39:27,592 - ProyectoAlpha - INFO - Auto-guardado realizado
2025-10-27 10:39:57,595 - ProyectoAlpha - INFO - Auto-guardado realizado
2025-10-27 10:40:29,022 - ProyectoAlpha - INFO - Auto-guardado realizado
2025-10-27 10:40:59,026 - ProyectoAlpha - INFO - Auto-guardado realizado
2025-10-27 10:41:29,029 - ProyectoAlpha - INFO - Auto-guardado realizado
2025-10-27 10:41:59,031 - ProyectoAlpha - INFO - Auto-guardado realizado
2025-10-27 10:42:29,036 - ProyectoAlpha - INFO - Auto-guardado realizado
2025-10-27 10:42:59,038 - ProyectoAlpha - INFO - Auto-guardado realizado
2025-10-27 10:43:29,041 - ProyectoAlpha - INFO - Auto-guardado realizado
2025-10-27 10:43:59,044 - ProyectoAlpha - INFO - Auto-guardado realizado
2025-10-27 10:44:29,047 - ProyectoAlpha - INFO - Auto-guardado realizado
2025-10-27 10:44:59,050 - ProyectoAlpha - INFO - Auto-guardado realizado
2025-10-27 10:45:29,052 - ProyectoAlpha - INFO - Auto-guardado realizado
2025-10-27 10:45:59,055 - ProyectoAlpha - INFO - Auto-guardado realizado
2025-10-27 10:46:29,058 - ProyectoAlpha - INFO - Auto-guardado realizado
2025-10-27 10:46:59,060 - ProyectoAlpha - INFO - Auto-guardado realizado
2025-10-27 10:47:29,063 - ProyectoAlpha - INFO - Auto-guardado realizado
2025-10-27 10:47:59,066 - ProyectoAlpha - INFO - Auto-guardado realizado
2025-10-27 10:48:29,068 - ProyectoAlpha - INFO - Auto-guardado realizado
2025-10-27 10:48:59,071 - ProyectoAlpha - INFO - Auto-guardado realizado
2025-10-27 10:49:29,073 - ProyectoAlpha - INFO - Auto-guardado realizado
2025-10-27 10:49:59,076 - ProyectoAlpha - INFO - Auto-guardado realizado
2025-10-27 10:50:29,079 - ProyectoAlpha - INFO - Auto-guardado realizado
2025-10-27 10:50:59,081 - ProyectoAlpha - INFO - Auto-guardado realizado
2025-10-27 10:51:29,084 - ProyectoAlpha - INFO - Auto-guardado realizado
2025-10-27 10:51:59,087 - ProyectoAlpha - INFO - Auto-guardado realizado
2025-10-27 10:52:29,089 - ProyectoAlpha - INFO - Auto-guardado realizado
2025-10-27 10:52:59,092 - ProyectoAlpha - INFO - Auto-guardado realizado
2025-10-27 10:53:29,095 - ProyectoAlpha - INFO - Auto-guardado realizado
2025-10-27 10:53:59,097 - ProyectoAlpha - INFO - Auto-guardado realizado
2025-10-27 10:54:29,100 - ProyectoAlpha - INFO - Auto-guardado realizado
2025-10-27 10:54:59,103 - ProyectoAlpha - INFO - Auto-guardado realizado
2025-10-27 10:55:29,105 - ProyectoAlpha - INFO - Auto-guardado realizado
2025-10-27 10:55:59,108 - ProyectoAlpha - INFO - Auto-guardado realizado
2025-10-27 10:56:29,110 - ProyectoAlpha - INFO - Auto-guardado realizado
2025-10-27 10:56:59,113 - ProyectoAlpha - INFO - Auto-guardado realizado
2025-10-27 10:57:29,116 - ProyectoAlpha - INFO - Auto-guardado realizado
2025-10-27 10:57:59,118 - ProyectoAlpha - INFO - Auto-guardado realizado
2025-10-27 10:58:29,120 - ProyectoAlpha - INFO - Auto-guardado realizado
2025-10-27 10:58:59,123 - ProyectoAlpha - INFO - Auto-guardado realizado
2025-10-27 10:59:29,126 - ProyectoAlpha - INFO - Auto-guardado realizado
2025-10-27 10:59:59,128 - ProyectoAlpha - INFO - Auto-guardado realizado
2025-10-27 11:00:29,131 - ProyectoAlpha - INFO - Auto-guardado realizado
2025-10-27 11:00:59,132 - ProyectoAlpha - INFO - Auto-guardado realizado
2025-10-27 11:01:29,136 - ProyectoAlpha - INFO - Auto-guardado realizado
2025-10-27 11:01:59,138 - ProyectoAlpha - INFO - Auto-guardado realizado
2025-10-27 11:02:29,141 - ProyectoAlpha - INFO - Auto-guardado realizado
2025-10-27 11:02:59,144 - ProyectoAlpha - INFO - Auto-guardado realizado
2025-10-27 11:03:29,146 - ProyectoAlpha - INFO - Auto-guardado realizado
2025-10-27 11:03:59,150 - ProyectoAlpha - INFO - Auto-guardado realizado
2025-10-27 11:04:29,152 - ProyectoAlpha - INFO - Auto-guardado realizado
2025-10-27 11:04:59,155 - ProyectoAlpha - INFO - Auto-guardado realizado
2025-10-27 11:05:29,158 - ProyectoAlpha - INFO - Auto-guardado realizado
2025-10-27 11:05:59,161 - ProyectoAlpha - INFO - Auto-guardado realizado
2025-10-27 11:06:29,163 - ProyectoAlpha - INFO - Auto-guardado realizado
2025-10-27 11:06:59,166 - ProyectoAlpha - INFO - Auto-guardado realizado
2025-10-27 11:07:29,169 - ProyectoAlpha - INFO - Auto-guardado realizado
2025-10-27 11:07:59,171 - ProyectoAlpha - INFO - Auto-guardado realizado
2025-10-27 11:08:29,174 - ProyectoAlpha - INFO - Auto-guardado realizado
2025-10-27 11:08:59,177 - ProyectoAlpha - INFO - Auto-guardado realizado
2025-10-27 11:09:29,180 - ProyectoAlpha - INFO - Auto-guardado realizado
2025-10-27 11:09:59,183 - ProyectoAlpha - INFO - Auto-guardado realizado
2025-10-27 11:10:29,185 - ProyectoAlpha - INFO - Auto-guardado realizado
2025-10-27 11:10:59,187 - ProyectoAlpha - INFO - Auto-guardado realizado
2025-10-27 11:11:29,189 - ProyectoAlpha - INFO - Auto-guardado realizado
2025-10-27 11:11:59,191 - ProyectoAlpha - INFO - Auto-guardado realizado
2025-10-27 13:14:26,274 - GameController - INFO - Progreso cargado exitosamente
2025-10-27 13:14:26,277 - GameController - INFO - Sesión profesional iniciada
2025-10-27 13:26:33,057 - GameController - INFO - Progreso cargado exitosamente
2025-10-27 13:26:33,058 - GameController - INFO - Sesión iniciada
2025-10-27 13:26:46,099 - GameController - INFO - Misión 1 cargada: Misión 1: ¡La Máquina que Aprende! (ML)
2025-10-27 13:26:54,689 - GameController - INFO - Respuesta correcta en misión 1
2025-10-27 13:27:02,218 - GameController - INFO - Misión 2 cargada: Misión 2: ¡El Cerebro de la Máquina! (DL)
2025-10-27 13:27:52,385 - GameController - INFO - Respuesta correcta en misión 2
2025-10-27 13:27:56,841 - GameController - INFO - Misión 3 cargada: Misión 3: ¡La Máquina Creadora! (IA Gen)
2025-10-27 13:34:52,544 - GameController - INFO - Progreso cargado exitosamente
2025-10-27 13:34:52,544 - GameController - INFO - Sesión iniciada
2025-10-27 13:35:17,665 - GameController - INFO - Misión 1 cargada: Misión 1: ¡La Máquina que Aprende! (ML)
2025-10-27 13:35:21,706 - GameController - INFO - Respuesta correcta en misión 1
2025-10-27 13:35:28,099 - GameController - INFO - Misión 2 cargada: Misión 2: ¡El Cerebro de la Máquina! (DL)
2025-10-27 13:42:06,721 - GameController - INFO - Respuesta correcta en misión 2
2025-10-27 13:42:12,781 - GameController - INFO - Misión 3 cargada: Misión 3: ¡La Máquina Creadora! (IA Gen)
2025-10-27 13:45:42,321 - GameController - INFO - Progreso cargado exitosamente
2025-10-27 13:45:42,321 - GameController - ERROR - Error al iniciar sesión: 'NoneType' object has no attribute 'config'
2025-10-27 13:45:53,855 - GameController - INFO - Misión 1 cargada: Misión 1: ¡La Máquina que Aprende! (ML)
2025-10-27 13:46:11,686 - GameController - INFO - Respuesta correcta en misión 1
2025-10-27 13:46:13,495 - GameController - INFO - Respuesta correcta en misión 1
2025-10-27 13:46:19,666 - GameController - INFO - Respuesta correcta en misión 1
2025-10-27 13:46:21,121 - GameController - INFO - Respuesta correcta en misión 1
2025-10-27 13:46:21,295 - GameController - INFO - Respuesta correcta en misión 1
2025-10-27 13:46:21,554 - GameController - INFO - Respuesta correcta en misión 1
2025-10-27 13:46:21,843 - GameController - INFO - Respuesta correcta en misión 1
2025-10-27 13:46:22,705 - GameController - INFO - Respuesta correcta en misión 1
2025-10-27 13:46:23,029 - GameController - INFO - Respuesta correcta en misión 1
2025-10-27 13:56:58,225 - GameController - INFO - Progreso cargado exitosamente
2025-10-27 13:56:58,225 - GameController - ERROR - Error al iniciar sesión: 'NoneType' object has no attribute 'config'
2025-10-27 13:57:11,490 - GameController - INFO - Misión 1 cargada: Misión 1: ¡La Máquina que Aprende! (ML)
2025-10-27 13:57:33,129 - GameController - INFO - Respuesta correcta en misión 1
2025-10-27 13:58:13,464 - GameController - INFO - Misión 2 cargada: Misión 2: ¡El Cerebro de la Máquina! (DL)
2025-10-27 13:58:55,214 - GameController - INFO - Respuesta correcta en misión 2
2025-10-27 13:59:07,887 - GameController - INFO - Misión 3 cargada: Misión 3: ¡La Máquina Creadora! (IA Gen)
2025-10-27 13:59:41,155 - GameController - INFO - Respuesta correcta en misión 3
2025-10-27 13:59:55,158 - GameController - INFO - Misión 4 cargada: Misión 4: ¡Reacción Rápida! (Reactiva)
2025-10-27 14:00:43,864 - GameController - INFO - Respuesta correcta en misión 4
2025-10-27 14:00:56,215 - GameController - INFO - Misión 5 cargada: Misión 5: ¡El Auto que Recuerda un Poco! (Memoria Limitada)
2025-10-27 14:01:51,978 - GameController - INFO - Respuesta correcta en misión 5
2025-10-27 14:02:17,122 - GameController - INFO - Misión 6 cargada: Misión 6: ¡El Doctor Robot! (Sistemas Expertos)
2025-10-27 14:02:52,421 - GameController - INFO - Respuesta correcta en misión 6
2025-10-27 14:03:29,779 - GameController - INFO - Misión 7 cargada: Misión 7: ¡Aprender con Ayuda! (Supervisado)
2025-10-27 14:04:03,469 - GameController - INFO - Respuesta correcta en misión 7
2025-10-27 14:04:30,956 - GameController - INFO - Misión 8 cargada: Misión 8: ¡Descubrir Grupos Secretos! (No Supervisado)
2025-10-27 14:05:03,707 - GameController - INFO - Respuesta correcta en misión 8
2025-10-27 14:05:34,796 - GameController - INFO - Misión 9 cargada: Misión 9: ¡Aprender Jugando! (Por Refuerzo)
2025-10-27 14:10:19,470 - GameController - INFO - Respuesta correcta en misión 9
2025-10-27 14:10:21,004 - GameController - INFO - Misión 10 cargada: Misión 10: ¡No Dejar Pasar Problemas! (Sensibilidad)
2025-10-27 14:16:46,056 - GameController - INFO - Progreso cargado exitosamente
2025-10-27 14:16:46,057 - GameController - ERROR - Error al iniciar sesión: 'NoneType' object has no attribute 'config'
2025-10-27 14:16:54,216 - GameController - ERROR - Error al iniciar puzzle: 'UIManager' object has no attribute 'main_content_frame'
2025-10-27 14:17:45,382 - GameController - INFO - Progreso cargado exitosamente
2025-10-27 14:17:45,383 - GameController - ERROR - Error al iniciar sesión: 'NoneType' object has no attribute 'config'
2025-10-27 14:17:49,874 - GameController - ERROR - Error al iniciar puzzle: 'UIManager' object has no attribute 'main_content_frame'
2025-10-27 14:18:00,185 - GameController - ERROR - Error al iniciar puzzle: 'UIManager' object has no attribute 'main_content_frame'
2025-10-27 14:27:34,721 - GameController - INFO - Progreso cargado exitosamente
2025-10-27 14:27:34,722 - GameController - ERROR - Error al iniciar sesión: 'NoneType' object has no attribute 'config'
2025-10-27 14:28:22,932 - GameController - ERROR - Error al manejar respuesta del puzzle: 'AcademicMetrics' object has no attribute 'record_incorrect_answer'
2025-10-27 14:28:27,756 - GameController - ERROR - Error al manejar respuesta del puzzle: 'AcademicMetrics' object has no attribute 'record_incorrect_answer'
2025-10-27 14:28:29,820 - GameController - ERROR - Error al manejar respuesta del puzzle: 'AcademicMetrics' object has no attribute 'record_correct_answer'
2025-10-27 14:28:35,619 - GameController - ERROR - Error al manejar respuesta del puzzle: 'AcademicMetrics' object has no attribute 'record_correct_answer'
2025-10-27 14:28:38,314 - GameController - ERROR - Error al manejar respuesta del puzzle: 'AcademicMetrics' object has no attribute 'record_incorrect_answer'
2025-10-27 15:53:03,735 - GameController - INFO - Progreso cargado exitosamente
2025-10-27 15:53:03,736 - GameController - ERROR - Error al iniciar sesión: 'NoneType' object has no attribute 'config'
2025-10-29 15:27:33,415 - GameController - INFO - Progreso cargado exitosamente
2025-10-29 15:27:33,416 - GameController - INFO - Sesión iniciada
