2025-10-29 15:39:41,433 - __main__ - INFO - Iniciando aplicación de repaso de IA
2025-10-29 15:39:41,570 - __main__ - INFO - Cargadas 20 preguntas en 4 categorías
2025-10-29 15:39:41,618 - __main__ - INFO - Todas las preguntas pasaron validación
2025-10-29 15:45:52,011 - INFO - Iniciando aplicación de repaso de IA
2025-10-29 15:45:52,128 - INFO - Cargadas 20 preguntas
2025-10-29 15:47:22,853 - INFO - Sesión guardada: 3/20
2025-10-29 15:49:00,203 - INFO - Iniciando aplicación de repaso de IA
2025-10-29 15:49:00,332 - INFO - Cargadas 20 preguntas
2025-10-29 16:05:39,333 - INFO - Iniciando aplicación de repaso de IA
2025-10-29 16:05:39,524 - INFO - Cargadas 20 preguntas
2025-10-29 16:06:59,449 - INFO - Iniciando aplicación de repaso de IA
2025-10-29 16:06:59,617 - INFO - Cargadas 20 preguntas
2025-10-29 16:07:16,090 - INFO - Iniciando aplicación de repaso de IA
2025-10-29 16:07:16,259 - INFO - Cargadas 20 preguntas
2025-10-29 16:12:18,067 - INFO - Iniciando aplicación de repaso de IA
2025-10-29 16:12:18,240 - INFO - Cargadas 20 preguntas
2025-10-29 18:19:36,585 - INFO - Iniciando aplicación de repaso de IA
2025-10-29 18:19:36,805 - INFO - Cargadas 20 preguntas
2025-10-29 18:23:38,909 - INFO - Cargadas 20 preguntas
2025-10-29 18:23:44,264 - INFO - Cargadas 20 preguntas
2025-10-29 18:23:49,323 - INFO - Cargadas 20 preguntas
2025-10-29 18:24:27,125 - INFO - Cargadas 20 preguntas
2025-10-29 18:24:32,667 - INFO - Cargadas 20 preguntas
2025-10-29 18:24:32,675 - INFO - Sesión guardada: 15/20
2025-10-29 18:24:39,191 - WARNING - Archivo de preguntas no encontrado
2025-10-29 18:24:39,191 - INFO - Cargadas 20 preguntas
2025-10-29 18:26:05,303 - INFO - Cargadas 20 preguntas
2025-10-29 18:26:10,837 - INFO - Cargadas 20 preguntas
2025-10-29 18:26:10,847 - INFO - Sesión guardada: 1/20
2025-10-29 18:26:15,576 - INFO - Cargadas 20 preguntas
2025-10-29 18:26:58,238 - INFO - Iniciando aplicación de repaso de IA
2025-10-29 18:26:58,378 - INFO - Cargadas 20 preguntas
2025-10-29 18:33:47,454 - INFO - Iniciando aplicación de repaso de IA
2025-10-29 18:33:47,588 - INFO - Cargadas 20 preguntas
2025-10-29 18:41:29,003 - INFO - Iniciando aplicación de repaso de IA
2025-10-29 18:41:29,127 - INFO - Cargadas 3 preguntas
2025-10-29 18:43:44,875 - INFO - Iniciando aplicación de repaso de IA
2025-10-29 18:43:45,003 - INFO - Cargadas 3 preguntas
2025-10-29 18:51:09,097 - INFO - Iniciando aplicación de repaso de IA
2025-10-29 18:51:09,262 - INFO - Cargadas 3 preguntas
2025-10-29 18:54:39,270 - INFO - Iniciando aplicación de repaso de IA
2025-10-29 18:54:39,391 - INFO - Cargadas 3 preguntas
2025-10-29 21:41:58,630 - INFO - Iniciando aplicación de repaso de IA
2025-10-29 21:41:58,746 - INFO - Cargadas 3 preguntas
2025-10-30 10:50:06,745 - INFO - Iniciando aplicación de repaso de IA
2025-10-30 10:50:06,859 - INFO - Cargadas 3 preguntas
2025-10-30 11:40:19,448 - INFO - Iniciando aplicación de repaso de IA
2025-10-30 11:40:19,587 - INFO - Cargadas 3 preguntas
